<?xml version="1.0" encoding="UTF-8"?>
<coverage generated="1661039117">
  <project timestamp="1661039117">
    <file name="/var/di/src/VPA/DI/Container.php">
      <class name="VPA\DI\Container" namespace="global">
        <metrics complexity="34" methods="11" coveredmethods="9" conditionals="0" coveredconditionals="0" statements="62" coveredstatements="60" elements="73" coveredelements="69"/>
      </class>
      <line num="21" type="method" name="setBubblePropagation" visibility="public" complexity="1" crap="1" count="3"/>
      <line num="23" type="stmt" count="3"/>
      <line num="24" type="stmt" count="3"/>
      <line num="27" type="method" name="registerContainers" visibility="public" complexity="4" crap="4.01" count="16"/>
      <line num="29" type="stmt" count="16"/>
      <line num="30" type="stmt" count="16"/>
      <line num="31" type="stmt" count="16"/>
      <line num="32" type="stmt" count="16"/>
      <line num="33" type="stmt" count="16"/>
      <line num="34" type="stmt" count="16"/>
      <line num="36" type="stmt" count="16"/>
      <line num="37" type="stmt" count="16"/>
      <line num="38" type="stmt" count="16"/>
      <line num="41" type="stmt" count="0"/>
      <line num="44" type="stmt" count="16"/>
      <line num="47" type="method" name="reloadContainers" visibility="private" complexity="1" crap="1" count="3"/>
      <line num="49" type="stmt" count="3"/>
      <line num="52" type="method" name="entityIsInjectable" visibility="private" complexity="4" crap="4" count="16"/>
      <line num="55" type="stmt" count="16"/>
      <line num="56" type="stmt" count="16"/>
      <line num="57" type="stmt" count="16"/>
      <line num="58" type="stmt" count="16"/>
      <line num="59" type="stmt" count="16"/>
      <line num="60" type="stmt" count="16"/>
      <line num="63" type="stmt" count="16"/>
      <line num="66" type="method" name="parentClassIsInjectable" visibility="private" complexity="3" crap="3" count="14"/>
      <line num="68" type="stmt" count="14"/>
      <line num="69" type="stmt" count="14"/>
      <line num="70" type="stmt" count="14"/>
      <line num="71" type="stmt" count="14"/>
      <line num="74" type="stmt" count="14"/>
      <line num="77" type="method" name="interfaceIsInjectable" visibility="private" complexity="3" crap="3" count="14"/>
      <line num="79" type="stmt" count="14"/>
      <line num="80" type="stmt" count="14"/>
      <line num="81" type="stmt" count="14"/>
      <line num="82" type="stmt" count="14"/>
      <line num="85" type="stmt" count="14"/>
      <line num="88" type="method" name="isInjectable" visibility="private" complexity="5" crap="5" count="16"/>
      <line num="90" type="stmt" count="16"/>
      <line num="91" type="stmt" count="16"/>
      <line num="93" type="stmt" count="16"/>
      <line num="94" type="stmt" count="14"/>
      <line num="95" type="stmt" count="14"/>
      <line num="97" type="stmt" count="14"/>
      <line num="98" type="stmt" count="14"/>
      <line num="101" type="stmt" count="16"/>
      <line num="104" type="method" name="prepareObject" visibility="private" complexity="3" crap="3" count="12"/>
      <line num="106" type="stmt" count="12"/>
      <line num="107" type="stmt" count="9"/>
      <line num="109" type="stmt" count="3"/>
      <line num="112" type="method" name="getObject" visibility="private" complexity="6" crap="6.01" count="9"/>
      <line num="115" type="stmt" count="9"/>
      <line num="116" type="stmt" count="9"/>
      <line num="117" type="stmt" count="9"/>
      <line num="118" type="stmt" count="9"/>
      <line num="121" type="stmt" count="2"/>
      <line num="122" type="stmt" count="2"/>
      <line num="123" type="stmt" count="0"/>
      <line num="125" type="stmt" count="2"/>
      <line num="126" type="stmt" count="2"/>
      <line num="127" type="stmt" count="2"/>
      <line num="128" type="stmt" count="2"/>
      <line num="130" type="stmt" count="2"/>
      <line num="131" type="stmt" count="2"/>
      <line num="132" type="stmt" count="2"/>
      <line num="134" type="stmt" count="1"/>
      <line num="138" type="stmt" count="2"/>
      <line num="142" type="method" name="get" visibility="public" complexity="1" crap="1" count="12"/>
      <line num="144" type="stmt" count="12"/>
      <line num="146" type="stmt" count="12"/>
      <line num="149" type="method" name="has" visibility="public" complexity="2" crap="2" count="16"/>
      <line num="151" type="stmt" count="16"/>
      <line num="152" type="stmt" count="16"/>
      <metrics loc="154" ncloc="154" classes="1" methods="11" coveredmethods="9" conditionals="0" coveredconditionals="0" statements="62" coveredstatements="60" elements="73" coveredelements="69"/>
    </file>
    <file name="/var/di/src/VPA/DI/Injectable.php">
      <class name="VPA\DI\Injectable" namespace="global">
        <metrics complexity="1" methods="0" coveredmethods="0" conditionals="0" coveredconditionals="0" statements="0" coveredstatements="0" elements="0" coveredelements="0"/>
      </class>
      <metrics loc="13" ncloc="13" classes="0" methods="0" coveredmethods="0" conditionals="0" coveredconditionals="0" statements="0" coveredstatements="0" elements="0" coveredelements="0"/>
    </file>
    <file name="/var/di/src/VPA/DI/NotFoundException.php">
      <class name="VPA\DI\NotFoundException" namespace="global">
        <metrics complexity="0" methods="0" coveredmethods="0" conditionals="0" coveredconditionals="0" statements="0" coveredstatements="0" elements="0" coveredelements="0"/>
      </class>
      <metrics loc="13" ncloc="13" classes="0" methods="0" coveredmethods="0" conditionals="0" coveredconditionals="0" statements="0" coveredstatements="0" elements="0" coveredelements="0"/>
    </file>
    <metrics files="3" loc="180" ncloc="180" classes="1" methods="11" coveredmethods="9" conditionals="0" coveredconditionals="0" statements="62" coveredstatements="60" elements="73" coveredelements="69"/>
  </project>
</coverage>
