<?xml version="1.0" encoding="UTF-8"?>
<coverage generated="1664543671">
  <project timestamp="1664543671">
    <file name="/var/di/src/VPA/DI/Container.php">
      <class name="VPA\DI\Container" namespace="global">
        <metrics complexity="31" methods="12" coveredmethods="11" conditionals="0" coveredconditionals="0" statements="55" coveredstatements="54" elements="67" coveredelements="65"/>
      </class>
      <line num="21" type="method" name="setBubblePropagation" visibility="public" complexity="1" crap="1" count="3"/>
      <line num="23" type="stmt" count="3"/>
      <line num="24" type="stmt" count="3"/>
      <line num="31" type="method" name="registerContainers" visibility="public" complexity="4" crap="4.01" count="17"/>
      <line num="33" type="stmt" count="17"/>
      <line num="34" type="stmt" count="17"/>
      <line num="35" type="stmt" count="17"/>
      <line num="36" type="stmt" count="17"/>
      <line num="37" type="stmt" count="17"/>
      <line num="38" type="stmt" count="17"/>
      <line num="40" type="stmt" count="17"/>
      <line num="41" type="stmt" count="17"/>
      <line num="42" type="stmt" count="17"/>
      <line num="45" type="stmt" count="0"/>
      <line num="48" type="stmt" count="17"/>
      <line num="51" type="method" name="reloadContainers" visibility="private" complexity="1" crap="1" count="3"/>
      <line num="53" type="stmt" count="3"/>
      <line num="56" type="method" name="entityIsInjectable" visibility="private" complexity="2" crap="2" count="17"/>
      <line num="59" type="stmt" count="17"/>
      <line num="60" type="stmt" count="17"/>
      <line num="63" type="method" name="parentClassIsInjectable" visibility="private" complexity="1" crap="1" count="15"/>
      <line num="65" type="stmt" count="15"/>
      <line num="66" type="stmt" count="15"/>
      <line num="69" type="method" name="interfaceIsInjectable" visibility="private" complexity="1" crap="1" count="15"/>
      <line num="71" type="stmt" count="15"/>
      <line num="72" type="stmt" count="15"/>
      <line num="75" type="method" name="checkInjectableTree" visibility="private" complexity="3" crap="3" count="15"/>
      <line num="77" type="stmt" count="15"/>
      <line num="78" type="stmt" count="15"/>
      <line num="79" type="stmt" count="15"/>
      <line num="82" type="stmt" count="15"/>
      <line num="85" type="method" name="isInjectable" visibility="private" complexity="5" crap="5" count="17"/>
      <line num="87" type="stmt" count="17"/>
      <line num="88" type="stmt" count="17"/>
      <line num="90" type="stmt" count="17"/>
      <line num="91" type="stmt" count="15"/>
      <line num="92" type="stmt" count="15"/>
      <line num="94" type="stmt" count="15"/>
      <line num="95" type="stmt" count="15"/>
      <line num="98" type="stmt" count="17"/>
      <line num="101" type="method" name="prepareObject" visibility="private" complexity="3" crap="3" count="13"/>
      <line num="103" type="stmt" count="13"/>
      <line num="104" type="stmt" count="10"/>
      <line num="106" type="stmt" count="3"/>
      <line num="109" type="method" name="getObject" visibility="private" complexity="6" crap="6" count="10"/>
      <line num="112" type="stmt" count="10"/>
      <line num="113" type="stmt" count="10"/>
      <line num="114" type="stmt" count="10"/>
      <line num="115" type="stmt" count="9"/>
      <line num="118" type="stmt" count="3"/>
      <line num="119" type="stmt" count="3"/>
      <line num="120" type="stmt" count="1"/>
      <line num="122" type="stmt" count="2"/>
      <line num="123" type="stmt" count="2"/>
      <line num="124" type="stmt" count="2"/>
      <line num="125" type="stmt" count="2"/>
      <line num="127" type="stmt" count="2"/>
      <line num="128" type="stmt" count="2"/>
      <line num="129" type="stmt" count="2"/>
      <line num="131" type="stmt" count="1"/>
      <line num="135" type="stmt" count="2"/>
      <line num="139" type="method" name="get" visibility="public" complexity="1" crap="1" count="13"/>
      <line num="141" type="stmt" count="13"/>
      <line num="143" type="stmt" count="13"/>
      <line num="146" type="method" name="has" visibility="public" complexity="2" crap="2" count="17"/>
      <line num="148" type="stmt" count="17"/>
      <line num="149" type="stmt" count="17"/>
      <metrics loc="151" ncloc="147" classes="1" methods="12" coveredmethods="11" conditionals="0" coveredconditionals="0" statements="55" coveredstatements="54" elements="67" coveredelements="65"/>
    </file>
    <file name="/var/di/src/VPA/DI/Injectable.php">
      <class name="VPA\DI\Injectable" namespace="global">
        <metrics complexity="1" methods="0" coveredmethods="0" conditionals="0" coveredconditionals="0" statements="0" coveredstatements="0" elements="0" coveredelements="0"/>
      </class>
      <metrics loc="13" ncloc="13" classes="0" methods="0" coveredmethods="0" conditionals="0" coveredconditionals="0" statements="0" coveredstatements="0" elements="0" coveredelements="0"/>
    </file>
    <file name="/var/di/src/VPA/DI/NotFoundException.php">
      <class name="VPA\DI\NotFoundException" namespace="global">
        <metrics complexity="0" methods="0" coveredmethods="0" conditionals="0" coveredconditionals="0" statements="0" coveredstatements="0" elements="0" coveredelements="0"/>
      </class>
      <metrics loc="13" ncloc="13" classes="0" methods="0" coveredmethods="0" conditionals="0" coveredconditionals="0" statements="0" coveredstatements="0" elements="0" coveredelements="0"/>
    </file>
    <metrics files="3" loc="177" ncloc="173" classes="1" methods="12" coveredmethods="11" conditionals="0" coveredconditionals="0" statements="55" coveredstatements="54" elements="67" coveredelements="65"/>
  </project>
</coverage>
