<?xml version="1.0" encoding="UTF-8"?>
<coverage generated="1660508850">
  <project timestamp="1660508850">
    <file name="/var/di/src/VPA/DI/Container.php">
      <class name="VPA\DI\Container" namespace="global">
        <metrics complexity="16" methods="5" coveredmethods="2" conditionals="0" coveredconditionals="0" statements="39" coveredstatements="36" elements="44" coveredelements="38"/>
      </class>
      <line num="17" type="method" name="registerContainers" visibility="public" complexity="5" crap="5.01" count="7"/>
      <line num="19" type="stmt" count="7"/>
      <line num="20" type="stmt" count="7"/>
      <line num="21" type="stmt" count="7"/>
      <line num="22" type="stmt" count="7"/>
      <line num="23" type="stmt" count="7"/>
      <line num="25" type="stmt" count="7"/>
      <line num="26" type="stmt" count="7"/>
      <line num="27" type="stmt" count="7"/>
      <line num="28" type="stmt" count="7"/>
      <line num="29" type="stmt" count="7"/>
      <line num="30" type="stmt" count="7"/>
      <line num="31" type="stmt" count="7"/>
      <line num="35" type="stmt" count="0"/>
      <line num="39" type="stmt" count="7"/>
      <line num="42" type="method" name="prepareObject" visibility="private" complexity="3" crap="3" count="7"/>
      <line num="45" type="stmt" count="7"/>
      <line num="47" type="stmt" count="7"/>
      <line num="48" type="stmt" count="7"/>
      <line num="49" type="stmt" count="6"/>
      <line num="50" type="stmt" count="6"/>
      <line num="51" type="stmt" count="6"/>
      <line num="54" type="stmt" count="1"/>
      <line num="57" type="method" name="getObject" visibility="private" complexity="5" crap="5.01" count="6"/>
      <line num="59" type="stmt" count="6"/>
      <line num="60" type="stmt" count="6"/>
      <line num="61" type="stmt" count="0"/>
      <line num="64" type="stmt" count="6"/>
      <line num="65" type="stmt" count="6"/>
      <line num="66" type="stmt" count="6"/>
      <line num="68" type="stmt" count="2"/>
      <line num="69" type="stmt" count="2"/>
      <line num="70" type="stmt" count="2"/>
      <line num="71" type="stmt" count="2"/>
      <line num="73" type="stmt" count="2"/>
      <line num="74" type="stmt" count="2"/>
      <line num="75" type="stmt" count="2"/>
      <line num="77" type="stmt" count="1"/>
      <line num="81" type="stmt" count="2"/>
      <line num="85" type="method" name="get" visibility="public" complexity="1" crap="1" count="7"/>
      <line num="87" type="stmt" count="7"/>
      <line num="89" type="stmt" count="7"/>
      <line num="92" type="method" name="has" visibility="public" complexity="1" crap="2" count="0"/>
      <line num="94" type="stmt" count="0"/>
      <metrics loc="96" ncloc="96" classes="1" methods="5" coveredmethods="2" conditionals="0" coveredconditionals="0" statements="39" coveredstatements="36" elements="44" coveredelements="38"/>
    </file>
    <file name="/var/di/src/VPA/DI/Injectable.php">
      <class name="VPA\DI\Injectable" namespace="global">
        <metrics complexity="1" methods="0" coveredmethods="0" conditionals="0" coveredconditionals="0" statements="0" coveredstatements="0" elements="0" coveredelements="0"/>
      </class>
      <metrics loc="13" ncloc="13" classes="0" methods="0" coveredmethods="0" conditionals="0" coveredconditionals="0" statements="0" coveredstatements="0" elements="0" coveredelements="0"/>
    </file>
    <file name="/var/di/src/VPA/DI/NotFoundException.php">
      <class name="VPA\DI\NotFoundException" namespace="global">
        <metrics complexity="0" methods="0" coveredmethods="0" conditionals="0" coveredconditionals="0" statements="0" coveredstatements="0" elements="0" coveredelements="0"/>
      </class>
      <metrics loc="13" ncloc="13" classes="0" methods="0" coveredmethods="0" conditionals="0" coveredconditionals="0" statements="0" coveredstatements="0" elements="0" coveredelements="0"/>
    </file>
    <metrics files="3" loc="122" ncloc="122" classes="1" methods="5" coveredmethods="2" conditionals="0" coveredconditionals="0" statements="39" coveredstatements="36" elements="44" coveredelements="38"/>
  </project>
</coverage>
